2020-11-02 01:10:06 INFO  LoginTC:25 - opening browser
2020-11-02 01:10:16 INFO  LoginTC:27 - opening browser
2020-11-02 01:10:20 INFO  LoginTC:25 - opening browser
2020-11-02 01:10:30 INFO  LoginTC:27 - opening browser
2020-11-05 01:20:21 INFO  LoginTC:45 - opening browser
2020-11-05 01:20:32 INFO  LoginTC:47 - opening browser
2020-11-05 01:20:41 INFO  LoginTC:45 - opening browser
2020-11-05 01:20:58 INFO  LoginTC:47 - opening browser
2020-11-05 01:28:28 INFO  LoginTC:44 - opening browser
2020-11-05 01:28:39 INFO  LoginTC:46 - opening browser
2020-11-05 01:28:45 INFO  LoginTC:44 - opening browser
2020-11-05 01:29:01 INFO  LoginTC:46 - opening browser
2020-11-05 01:48:33 INFO  LoginTC:44 - opening browser
2020-11-05 01:48:47 INFO  LoginTC:46 - opening browser
2020-11-05 01:56:16 INFO  LoginTC:44 - opening browser
2020-11-05 01:56:28 INFO  LoginTC:46 - opening browser
2020-11-05 01:56:33 INFO  LoginTC:44 - opening browser
2020-11-05 01:56:47 INFO  LoginTC:46 - opening browser
2020-11-05 01:58:52 INFO  LoginTC:44 - opening browser
2020-11-05 01:59:02 INFO  LoginTC:46 - opening browser
2020-11-05 01:59:07 INFO  LoginTC:44 - opening browser
2020-11-05 01:59:21 INFO  LoginTC:46 - opening browser
2020-11-05 02:01:08 INFO  LoginTC:44 - opening browser
2020-11-05 02:01:12 INFO  LoginTC:46 - opening browser
2020-11-05 02:01:20 INFO  LoginTC:44 - opening browser
2020-11-05 02:01:35 INFO  LoginTC:46 - opening browser
2020-11-05 02:05:18 INFO  LoginTC:44 - opening browser
2020-11-05 02:05:27 INFO  LoginTC:46 - opening browser
2020-11-05 02:05:32 INFO  LoginTC:44 - opening browser
2020-11-05 02:05:46 INFO  LoginTC:46 - opening browser
2020-11-05 02:10:02 INFO  LoginTC:44 - opening browser
2020-11-05 02:10:06 INFO  LoginTC:44 - opening browser
2020-11-05 02:11:04 INFO  LoginTC:44 - opening browser
2020-11-05 02:11:13 INFO  LoginTC:46 - opening browser
2020-11-05 02:11:18 INFO  LoginTC:44 - opening browser
2020-11-05 02:11:33 INFO  LoginTC:46 - opening browser
2020-11-05 02:15:43 INFO  LoginTC:44 - opening browser
2020-11-05 02:15:47 INFO  LoginTC:44 - opening browser
2020-11-05 02:19:33 INFO  LoginTC:44 - opening browser
2020-11-05 02:19:44 INFO  LoginTC:46 - opening browser
2020-11-05 02:19:49 INFO  LoginTC:44 - opening browser
2020-11-05 02:20:04 INFO  LoginTC:46 - opening browser
2020-11-05 02:20:15 INFO  LoginTC:44 - opening browser
2020-11-05 02:20:25 INFO  LoginTC:46 - opening browser
2020-11-05 02:21:20 INFO  LoginTC:44 - opening browser
2020-11-05 02:21:30 INFO  LoginTC:46 - opening browser
2020-11-05 02:21:35 INFO  LoginTC:44 - opening browser
2020-11-05 02:21:50 INFO  LoginTC:46 - opening browser
2020-11-05 02:22:01 INFO  LoginTC:44 - opening browser
2020-11-05 02:22:11 INFO  LoginTC:46 - opening browser
2020-11-05 02:40:29 INFO  LoginTC:44 - opening browser
2020-11-05 02:40:38 INFO  LoginTC:46 - opening browser
2020-11-05 02:40:44 INFO  LoginTC:44 - opening browser
2020-11-05 02:41:00 INFO  LoginTC:46 - opening browser
2020-11-05 02:41:11 INFO  LoginTC:44 - opening browser
2020-11-05 02:41:19 INFO  LoginTC:46 - opening browser
2020-11-05 02:48:02 INFO  LoginTC:44 - opening browser
2020-11-05 02:48:12 INFO  LoginTC:46 - opening browser
2020-11-05 02:48:20 INFO  LoginTC:44 - opening browser
2020-11-05 02:48:35 INFO  LoginTC:46 - opening browser
2020-11-05 02:48:46 INFO  LoginTC:44 - opening browser
2020-11-05 02:48:55 INFO  LoginTC:46 - opening browser
2020-11-05 02:58:50 INFO  RunTestcase:22 - launching
2020-11-05 02:59:00 INFO  RunTestcase:25 - get the url
2020-11-05 03:00:35 INFO  RunTestcase:22 - launching
2020-11-05 03:00:44 INFO  RunTestcase:25 - get the url
2020-11-05 03:03:06 INFO  MainTrigger:22 - launching
2020-11-05 03:03:16 INFO  MainTrigger:25 - get the url
2020-11-08 00:45:04 INFO  LoginTC:47 - opening browser
2020-11-08 00:45:13 INFO  LoginTC:49 - opening browser
2020-11-08 00:45:21 INFO  LoginTC:47 - opening browser
2020-11-08 00:45:33 INFO  LoginTC:49 - opening browser
2020-11-08 00:47:35 INFO  LoginTC:47 - opening browser
2020-11-08 00:47:45 INFO  LoginTC:49 - opening browser
2020-11-08 00:47:56 INFO  LoginTC:47 - opening browser
2020-11-08 00:48:07 INFO  LoginTC:49 - opening browser
2020-11-09 00:14:05 INFO  LoginTC:47 - opening browser
2020-11-09 00:14:17 INFO  LoginTC:49 - opening browser
2020-11-09 00:14:32 INFO  LoginTC:47 - opening browser
2020-11-09 00:14:47 INFO  LoginTC:49 - opening browser
2020-11-09 09:06:04 INFO  LoginTC:47 - opening browser
2020-11-09 09:06:13 INFO  LoginTC:49 - opening browser
2020-11-09 09:06:25 INFO  LoginTC:47 - opening browser
2020-11-09 09:06:37 INFO  LoginTC:49 - opening browser
